{"/Users/matthewgray/Code/CSI242/lectures/Week 6/lecture11.js": {"path":"/Users/matthewgray/Code/CSI242/lectures/Week 6/lecture11.js","statementMap":{"0":{"start":{"line":15,"column":4},"end":{"line":15,"column":17}},"1":{"start":{"line":18,"column":13},"end":{"line":18,"column":36}},"2":{"start":{"line":21,"column":12},"end":{"line":22,"column":34}},"3":{"start":{"line":23,"column":2},"end":{"line":28,"column":4}},"4":{"start":{"line":32,"column":14},"end":{"line":32,"column":15}},"5":{"start":{"line":33,"column":2},"end":{"line":35,"column":3}},"6":{"start":{"line":34,"column":4},"end":{"line":34,"column":34}},"7":{"start":{"line":36,"column":2},"end":{"line":36,"column":31}},"8":{"start":{"line":39,"column":0},"end":{"line":39,"column":52}}},"fnMap":{"0":{"name":"add","decl":{"start":{"line":14,"column":9},"end":{"line":14,"column":12}},"loc":{"start":{"line":14,"column":19},"end":{"line":16,"column":1}},"line":14},"1":{"name":"getRandomToy","decl":{"start":{"line":20,"column":9},"end":{"line":20,"column":21}},"loc":{"start":{"line":20,"column":24},"end":{"line":29,"column":1}},"line":20},"2":{"name":"getCartTotal","decl":{"start":{"line":31,"column":9},"end":{"line":31,"column":21}},"loc":{"start":{"line":31,"column":39},"end":{"line":37,"column":1}},"line":31}},"branchMap":{"0":{"loc":{"start":{"line":31,"column":28},"end":{"line":31,"column":38}},"type":"default-arg","locations":[{"start":{"line":31,"column":37},"end":{"line":31,"column":38}}],"line":31}},"s":{"0":2,"1":1,"2":0,"3":0,"4":0,"5":0,"6":0,"7":0,"8":1},"f":{"0":2,"1":0,"2":0},"b":{"0":[0]},"_coverageSchema":"1a1c01bbd47fc00a2c39e90264f33305004495a9","hash":"0ed99bc45ecb4ada95944bb2a31929e74f319ea3"}
}
